2020-10-07 00:00:34.375  INFO 19276 --- [http-nio-80-exec-3] com.lb.aspect.LogAspect                  : Request : RequestLog{url='/', ip='0:0:0:0:0:0:0:1', classMethod='com.lb.web.IndexController.index', args=[Page request [number: 0, size 8, sort: updateTime: DESC], {}]}
2020-10-07 00:00:34.612  INFO 19276 --- [http-nio-80-exec-3] com.lb.aspect.LogAspect                  : Result : index
2020-10-07 00:00:36.390  INFO 19276 --- [http-nio-80-exec-10] com.lb.aspect.LogAspect                  : Request : RequestLog{url='/footer/newblog', ip='0:0:0:0:0:0:0:1', classMethod='com.lb.web.IndexController.newblogs', args=[{}]}
2020-10-07 00:00:36.394  INFO 19276 --- [http-nio-80-exec-10] com.lb.aspect.LogAspect                  : Result : _fragments :: newblogList
2020-10-07 00:00:56.090  INFO 19276 --- [http-nio-80-exec-9] com.lb.aspect.LogAspect                  : Request : RequestLog{url='/', ip='0:0:0:0:0:0:0:1', classMethod='com.lb.web.IndexController.index', args=[Page request [number: 0, size 8, sort: updateTime: DESC], {}]}
2020-10-07 00:00:56.097  INFO 19276 --- [http-nio-80-exec-9] com.lb.aspect.LogAspect                  : Result : index
2020-10-07 00:01:05.477  INFO 19276 --- [http-nio-80-exec-3] com.lb.aspect.LogAspect                  : Request : RequestLog{url='/footer/newblog', ip='0:0:0:0:0:0:0:1', classMethod='com.lb.web.IndexController.newblogs', args=[{}]}
2020-10-07 00:01:05.481  INFO 19276 --- [http-nio-80-exec-3] com.lb.aspect.LogAspect                  : Result : _fragments :: newblogList
2020-10-07 00:02:10.109  INFO 19276 --- [http-nio-80-exec-10] com.lb.aspect.LogAspect                  : Request : RequestLog{url='/', ip='0:0:0:0:0:0:0:1', classMethod='com.lb.web.IndexController.index', args=[Page request [number: 0, size 8, sort: updateTime: DESC], {}]}
2020-10-07 00:02:10.116  INFO 19276 --- [http-nio-80-exec-10] com.lb.aspect.LogAspect                  : Result : index
2020-10-07 00:02:11.734  INFO 19276 --- [http-nio-80-exec-3] com.lb.aspect.LogAspect                  : Request : RequestLog{url='/footer/newblog', ip='0:0:0:0:0:0:0:1', classMethod='com.lb.web.IndexController.newblogs', args=[{}]}
2020-10-07 00:02:11.739  INFO 19276 --- [http-nio-80-exec-3] com.lb.aspect.LogAspect                  : Result : _fragments :: newblogList
2020-10-07 00:02:34.132  INFO 19276 --- [http-nio-80-exec-4] com.lb.aspect.LogAspect                  : Request : RequestLog{url='/', ip='0:0:0:0:0:0:0:1', classMethod='com.lb.web.IndexController.index', args=[Page request [number: 0, size 8, sort: updateTime: DESC], {}]}
2020-10-07 00:02:34.142  INFO 19276 --- [http-nio-80-exec-4] com.lb.aspect.LogAspect                  : Result : index
2020-10-07 00:02:35.132  INFO 19276 --- [http-nio-80-exec-10] com.lb.aspect.LogAspect                  : Request : RequestLog{url='/footer/newblog', ip='0:0:0:0:0:0:0:1', classMethod='com.lb.web.IndexController.newblogs', args=[{}]}
2020-10-07 00:02:35.137  INFO 19276 --- [http-nio-80-exec-10] com.lb.aspect.LogAspect                  : Result : _fragments :: newblogList
2020-10-07 00:03:12.642  INFO 19276 --- [http-nio-80-exec-5] com.lb.aspect.LogAspect                  : Request : RequestLog{url='/', ip='0:0:0:0:0:0:0:1', classMethod='com.lb.web.IndexController.index', args=[Page request [number: 0, size 8, sort: updateTime: DESC], {}]}
2020-10-07 00:03:12.651  INFO 19276 --- [http-nio-80-exec-5] com.lb.aspect.LogAspect                  : Result : index
2020-10-07 00:03:13.830  INFO 19276 --- [http-nio-80-exec-3] com.lb.aspect.LogAspect                  : Request : RequestLog{url='/footer/newblog', ip='0:0:0:0:0:0:0:1', classMethod='com.lb.web.IndexController.newblogs', args=[{}]}
2020-10-07 00:03:13.838  INFO 19276 --- [http-nio-80-exec-3] com.lb.aspect.LogAspect                  : Result : _fragments :: newblogList
2020-10-07 00:04:02.394  INFO 19276 --- [http-nio-80-exec-10] com.lb.aspect.LogAspect                  : Request : RequestLog{url='/', ip='0:0:0:0:0:0:0:1', classMethod='com.lb.web.IndexController.index', args=[Page request [number: 0, size 8, sort: updateTime: DESC], {}]}
2020-10-07 00:04:02.400  INFO 19276 --- [http-nio-80-exec-10] com.lb.aspect.LogAspect                  : Result : index
2020-10-07 00:04:03.348  INFO 19276 --- [http-nio-80-exec-2] com.lb.aspect.LogAspect                  : Request : RequestLog{url='/footer/newblog', ip='0:0:0:0:0:0:0:1', classMethod='com.lb.web.IndexController.newblogs', args=[{}]}
2020-10-07 00:04:03.352  INFO 19276 --- [http-nio-80-exec-2] com.lb.aspect.LogAspect                  : Result : _fragments :: newblogList
2020-10-07 00:04:08.447  INFO 19276 --- [http-nio-80-exec-8] com.lb.aspect.LogAspect                  : Request : RequestLog{url='/', ip='0:0:0:0:0:0:0:1', classMethod='com.lb.web.IndexController.index', args=[Page request [number: 0, size 8, sort: updateTime: DESC], {}]}
2020-10-07 00:04:08.455  INFO 19276 --- [http-nio-80-exec-8] com.lb.aspect.LogAspect                  : Result : index
2020-10-07 00:04:09.361  INFO 19276 --- [http-nio-80-exec-7] com.lb.aspect.LogAspect                  : Request : RequestLog{url='/footer/newblog', ip='0:0:0:0:0:0:0:1', classMethod='com.lb.web.IndexController.newblogs', args=[{}]}
2020-10-07 00:04:09.364  INFO 19276 --- [http-nio-80-exec-7] com.lb.aspect.LogAspect                  : Result : _fragments :: newblogList
2020-10-07 00:07:14.102  INFO 19276 --- [http-nio-80-exec-10] com.lb.aspect.LogAspect                  : Request : RequestLog{url='/', ip='0:0:0:0:0:0:0:1', classMethod='com.lb.web.IndexController.index', args=[Page request [number: 0, size 8, sort: updateTime: DESC], {}]}
2020-10-07 00:07:14.113  INFO 19276 --- [http-nio-80-exec-10] com.lb.aspect.LogAspect                  : Result : index
2020-10-07 00:07:14.921  INFO 19276 --- [http-nio-80-exec-6] com.lb.aspect.LogAspect                  : Request : RequestLog{url='/footer/newblog', ip='0:0:0:0:0:0:0:1', classMethod='com.lb.web.IndexController.newblogs', args=[{}]}
2020-10-07 00:07:14.925  INFO 19276 --- [http-nio-80-exec-6] com.lb.aspect.LogAspect                  : Result : _fragments :: newblogList
2020-10-07 00:08:55.314  INFO 19276 --- [http-nio-80-exec-7] com.lb.aspect.LogAspect                  : Request : RequestLog{url='/', ip='0:0:0:0:0:0:0:1', classMethod='com.lb.web.IndexController.index', args=[Page request [number: 0, size 8, sort: updateTime: DESC], {}]}
2020-10-07 00:08:55.324  INFO 19276 --- [http-nio-80-exec-7] com.lb.aspect.LogAspect                  : Result : index
2020-10-07 00:08:56.075  INFO 19276 --- [http-nio-80-exec-10] com.lb.aspect.LogAspect                  : Request : RequestLog{url='/footer/newblog', ip='0:0:0:0:0:0:0:1', classMethod='com.lb.web.IndexController.newblogs', args=[{}]}
2020-10-07 00:08:56.078  INFO 19276 --- [http-nio-80-exec-10] com.lb.aspect.LogAspect                  : Result : _fragments :: newblogList
2020-10-07 00:09:30.080  INFO 19276 --- [http-nio-80-exec-9] com.lb.aspect.LogAspect                  : Request : RequestLog{url='/', ip='0:0:0:0:0:0:0:1', classMethod='com.lb.web.IndexController.index', args=[Page request [number: 0, size 8, sort: updateTime: DESC], {}]}
2020-10-07 00:09:30.086  INFO 19276 --- [http-nio-80-exec-9] com.lb.aspect.LogAspect                  : Result : index
2020-10-07 00:09:30.963  INFO 19276 --- [http-nio-80-exec-7] com.lb.aspect.LogAspect                  : Request : RequestLog{url='/footer/newblog', ip='0:0:0:0:0:0:0:1', classMethod='com.lb.web.IndexController.newblogs', args=[{}]}
2020-10-07 00:09:30.966  INFO 19276 --- [http-nio-80-exec-7] com.lb.aspect.LogAspect                  : Result : _fragments :: newblogList
2020-10-07 00:09:54.009  INFO 19276 --- [http-nio-80-exec-8] com.lb.aspect.LogAspect                  : Request : RequestLog{url='/', ip='0:0:0:0:0:0:0:1', classMethod='com.lb.web.IndexController.index', args=[Page request [number: 0, size 8, sort: updateTime: DESC], {}]}
2020-10-07 00:09:54.015  INFO 19276 --- [http-nio-80-exec-8] com.lb.aspect.LogAspect                  : Result : index
2020-10-07 00:09:54.776  INFO 19276 --- [http-nio-80-exec-3] com.lb.aspect.LogAspect                  : Request : RequestLog{url='/footer/newblog', ip='0:0:0:0:0:0:0:1', classMethod='com.lb.web.IndexController.newblogs', args=[{}]}
2020-10-07 00:09:54.779  INFO 19276 --- [http-nio-80-exec-3] com.lb.aspect.LogAspect                  : Result : _fragments :: newblogList
2020-10-07 00:10:09.144  INFO 19276 --- [http-nio-80-exec-10] com.lb.aspect.LogAspect                  : Request : RequestLog{url='/', ip='0:0:0:0:0:0:0:1', classMethod='com.lb.web.IndexController.index', args=[Page request [number: 0, size 8, sort: updateTime: DESC], {}]}
2020-10-07 00:10:09.150  INFO 19276 --- [http-nio-80-exec-10] com.lb.aspect.LogAspect                  : Result : index
2020-10-07 00:10:10.414  INFO 19276 --- [http-nio-80-exec-7] com.lb.aspect.LogAspect                  : Request : RequestLog{url='/footer/newblog', ip='0:0:0:0:0:0:0:1', classMethod='com.lb.web.IndexController.newblogs', args=[{}]}
2020-10-07 00:10:10.418  INFO 19276 --- [http-nio-80-exec-7] com.lb.aspect.LogAspect                  : Result : _fragments :: newblogList
2020-10-07 00:12:57.580  INFO 19276 --- [http-nio-80-exec-10] com.lb.aspect.LogAspect                  : Request : RequestLog{url='/', ip='0:0:0:0:0:0:0:1', classMethod='com.lb.web.IndexController.index', args=[Page request [number: 0, size 8, sort: updateTime: DESC], {}]}
2020-10-07 00:12:57.587  INFO 19276 --- [http-nio-80-exec-10] com.lb.aspect.LogAspect                  : Result : index
2020-10-07 00:12:58.501  INFO 19276 --- [http-nio-80-exec-7] com.lb.aspect.LogAspect                  : Request : RequestLog{url='/footer/newblog', ip='0:0:0:0:0:0:0:1', classMethod='com.lb.web.IndexController.newblogs', args=[{}]}
2020-10-07 00:12:58.504  INFO 19276 --- [http-nio-80-exec-7] com.lb.aspect.LogAspect                  : Result : _fragments :: newblogList
2020-10-07 00:16:51.735  INFO 19276 --- [http-nio-80-exec-10] com.lb.aspect.LogAspect                  : Request : RequestLog{url='/', ip='0:0:0:0:0:0:0:1', classMethod='com.lb.web.IndexController.index', args=[Page request [number: 0, size 8, sort: updateTime: DESC], {}]}
2020-10-07 00:16:51.745  INFO 19276 --- [http-nio-80-exec-10] com.lb.aspect.LogAspect                  : Result : index
2020-10-07 00:16:52.431  INFO 19276 --- [http-nio-80-exec-2] com.lb.aspect.LogAspect                  : Request : RequestLog{url='/footer/newblog', ip='0:0:0:0:0:0:0:1', classMethod='com.lb.web.IndexController.newblogs', args=[{}]}
2020-10-07 00:16:52.435  INFO 19276 --- [http-nio-80-exec-2] com.lb.aspect.LogAspect                  : Result : _fragments :: newblogList
2020-10-07 00:18:02.565  INFO 19276 --- [http-nio-80-exec-6] com.lb.aspect.LogAspect                  : Request : RequestLog{url='/', ip='0:0:0:0:0:0:0:1', classMethod='com.lb.web.IndexController.index', args=[Page request [number: 0, size 8, sort: updateTime: DESC], {}]}
2020-10-07 00:18:02.572  INFO 19276 --- [http-nio-80-exec-6] com.lb.aspect.LogAspect                  : Result : index
2020-10-07 00:18:03.344  INFO 19276 --- [http-nio-80-exec-2] com.lb.aspect.LogAspect                  : Request : RequestLog{url='/footer/newblog', ip='0:0:0:0:0:0:0:1', classMethod='com.lb.web.IndexController.newblogs', args=[{}]}
2020-10-07 00:18:03.348  INFO 19276 --- [http-nio-80-exec-2] com.lb.aspect.LogAspect                  : Result : _fragments :: newblogList
2020-10-07 00:18:05.544  INFO 19276 --- [http-nio-80-exec-4] com.lb.aspect.LogAspect                  : Request : RequestLog{url='/', ip='0:0:0:0:0:0:0:1', classMethod='com.lb.web.IndexController.index', args=[Page request [number: 0, size 8, sort: updateTime: DESC], {}]}
2020-10-07 00:18:05.550  INFO 19276 --- [http-nio-80-exec-4] com.lb.aspect.LogAspect                  : Result : index
2020-10-07 00:18:06.417  INFO 19276 --- [http-nio-80-exec-6] com.lb.aspect.LogAspect                  : Request : RequestLog{url='/footer/newblog', ip='0:0:0:0:0:0:0:1', classMethod='com.lb.web.IndexController.newblogs', args=[{}]}
2020-10-07 00:18:06.420  INFO 19276 --- [http-nio-80-exec-6] com.lb.aspect.LogAspect                  : Result : _fragments :: newblogList
2020-10-07 00:21:11.691  INFO 19276 --- [http-nio-80-exec-1] com.lb.aspect.LogAspect                  : Request : RequestLog{url='/', ip='0:0:0:0:0:0:0:1', classMethod='com.lb.web.IndexController.index', args=[Page request [number: 0, size 8, sort: updateTime: DESC], {}]}
2020-10-07 00:21:11.702  INFO 19276 --- [http-nio-80-exec-1] com.lb.aspect.LogAspect                  : Result : index
2020-10-07 00:21:13.039  INFO 19276 --- [http-nio-80-exec-10] com.lb.aspect.LogAspect                  : Request : RequestLog{url='/footer/newblog', ip='0:0:0:0:0:0:0:1', classMethod='com.lb.web.IndexController.newblogs', args=[{}]}
2020-10-07 00:21:13.041  INFO 19276 --- [http-nio-80-exec-10] com.lb.aspect.LogAspect                  : Result : _fragments :: newblogList
2020-10-07 00:22:33.484  INFO 19276 --- [http-nio-80-exec-5] com.lb.aspect.LogAspect                  : Request : RequestLog{url='/', ip='0:0:0:0:0:0:0:1', classMethod='com.lb.web.IndexController.index', args=[Page request [number: 0, size 8, sort: updateTime: DESC], {}]}
2020-10-07 00:22:33.494  INFO 19276 --- [http-nio-80-exec-5] com.lb.aspect.LogAspect                  : Result : index
2020-10-07 00:22:35.029  INFO 19276 --- [http-nio-80-exec-7] com.lb.aspect.LogAspect                  : Request : RequestLog{url='/footer/newblog', ip='0:0:0:0:0:0:0:1', classMethod='com.lb.web.IndexController.newblogs', args=[{}]}
2020-10-07 00:22:35.033  INFO 19276 --- [http-nio-80-exec-7] com.lb.aspect.LogAspect                  : Result : _fragments :: newblogList
2020-10-07 00:22:44.085  INFO 19276 --- [http-nio-80-exec-1] com.lb.aspect.LogAspect                  : Request : RequestLog{url='/', ip='0:0:0:0:0:0:0:1', classMethod='com.lb.web.IndexController.index', args=[Page request [number: 0, size 8, sort: updateTime: DESC], {}]}
2020-10-07 00:22:44.101  INFO 19276 --- [http-nio-80-exec-1] com.lb.aspect.LogAspect                  : Result : index
2020-10-07 00:22:45.505  INFO 19276 --- [http-nio-80-exec-9] com.lb.aspect.LogAspect                  : Request : RequestLog{url='/footer/newblog', ip='0:0:0:0:0:0:0:1', classMethod='com.lb.web.IndexController.newblogs', args=[{}]}
2020-10-07 00:22:45.508  INFO 19276 --- [http-nio-80-exec-9] com.lb.aspect.LogAspect                  : Result : _fragments :: newblogList
2020-10-07 00:23:21.527  INFO 19276 --- [http-nio-80-exec-3] com.lb.aspect.LogAspect                  : Request : RequestLog{url='/', ip='0:0:0:0:0:0:0:1', classMethod='com.lb.web.IndexController.index', args=[Page request [number: 0, size 8, sort: updateTime: DESC], {}]}
2020-10-07 00:23:21.536  INFO 19276 --- [http-nio-80-exec-3] com.lb.aspect.LogAspect                  : Result : index
2020-10-07 00:23:23.276  INFO 19276 --- [http-nio-80-exec-4] com.lb.aspect.LogAspect                  : Request : RequestLog{url='/footer/newblog', ip='0:0:0:0:0:0:0:1', classMethod='com.lb.web.IndexController.newblogs', args=[{}]}
2020-10-07 00:23:23.282  INFO 19276 --- [http-nio-80-exec-4] com.lb.aspect.LogAspect                  : Result : _fragments :: newblogList
2020-10-07 00:23:54.040  INFO 19276 --- [http-nio-80-exec-7] com.lb.aspect.LogAspect                  : Request : RequestLog{url='/', ip='0:0:0:0:0:0:0:1', classMethod='com.lb.web.IndexController.index', args=[Page request [number: 0, size 8, sort: updateTime: DESC], {}]}
2020-10-07 00:23:54.047  INFO 19276 --- [http-nio-80-exec-7] com.lb.aspect.LogAspect                  : Result : index
2020-10-07 00:23:55.690  INFO 19276 --- [http-nio-80-exec-3] com.lb.aspect.LogAspect                  : Request : RequestLog{url='/footer/newblog', ip='0:0:0:0:0:0:0:1', classMethod='com.lb.web.IndexController.newblogs', args=[{}]}
2020-10-07 00:23:55.692  INFO 19276 --- [http-nio-80-exec-3] com.lb.aspect.LogAspect                  : Result : _fragments :: newblogList
2020-10-07 00:24:01.686  INFO 19276 --- [http-nio-80-exec-9] com.lb.aspect.LogAspect                  : Request : RequestLog{url='/', ip='0:0:0:0:0:0:0:1', classMethod='com.lb.web.IndexController.index', args=[Page request [number: 0, size 8, sort: updateTime: DESC], {}]}
2020-10-07 00:24:01.691  INFO 19276 --- [http-nio-80-exec-9] com.lb.aspect.LogAspect                  : Result : index
2020-10-07 00:24:02.778  INFO 19276 --- [http-nio-80-exec-2] com.lb.aspect.LogAspect                  : Request : RequestLog{url='/footer/newblog', ip='0:0:0:0:0:0:0:1', classMethod='com.lb.web.IndexController.newblogs', args=[{}]}
2020-10-07 00:24:02.782  INFO 19276 --- [http-nio-80-exec-2] com.lb.aspect.LogAspect                  : Result : _fragments :: newblogList
2020-10-07 00:24:18.327  INFO 19276 --- [http-nio-80-exec-4] com.lb.aspect.LogAspect                  : Request : RequestLog{url='/', ip='0:0:0:0:0:0:0:1', classMethod='com.lb.web.IndexController.index', args=[Page request [number: 0, size 8, sort: updateTime: DESC], {}]}
2020-10-07 00:24:18.335  INFO 19276 --- [http-nio-80-exec-4] com.lb.aspect.LogAspect                  : Result : index
2020-10-07 00:24:19.418  INFO 19276 --- [http-nio-80-exec-1] com.lb.aspect.LogAspect                  : Request : RequestLog{url='/footer/newblog', ip='0:0:0:0:0:0:0:1', classMethod='com.lb.web.IndexController.newblogs', args=[{}]}
2020-10-07 00:24:19.421  INFO 19276 --- [http-nio-80-exec-1] com.lb.aspect.LogAspect                  : Result : _fragments :: newblogList
2020-10-07 00:27:28.855  INFO 19276 --- [http-nio-80-exec-4] com.lb.aspect.LogAspect                  : Request : RequestLog{url='/', ip='0:0:0:0:0:0:0:1', classMethod='com.lb.web.IndexController.index', args=[Page request [number: 0, size 8, sort: updateTime: DESC], {}]}
2020-10-07 00:27:28.861  INFO 19276 --- [http-nio-80-exec-4] com.lb.aspect.LogAspect                  : Result : index
2020-10-07 00:27:29.494  INFO 19276 --- [http-nio-80-exec-7] com.lb.aspect.LogAspect                  : Request : RequestLog{url='/footer/newblog', ip='0:0:0:0:0:0:0:1', classMethod='com.lb.web.IndexController.newblogs', args=[{}]}
2020-10-07 00:27:29.497  INFO 19276 --- [http-nio-80-exec-7] com.lb.aspect.LogAspect                  : Result : _fragments :: newblogList
2020-10-07 00:28:46.524  INFO 19276 --- [http-nio-80-exec-9] com.lb.aspect.LogAspect                  : Request : RequestLog{url='/', ip='0:0:0:0:0:0:0:1', classMethod='com.lb.web.IndexController.index', args=[Page request [number: 0, size 8, sort: updateTime: DESC], {}]}
2020-10-07 00:28:46.529  INFO 19276 --- [http-nio-80-exec-9] com.lb.aspect.LogAspect                  : Result : index
2020-10-07 00:28:48.163  INFO 19276 --- [http-nio-80-exec-8] com.lb.aspect.LogAspect                  : Request : RequestLog{url='/footer/newblog', ip='0:0:0:0:0:0:0:1', classMethod='com.lb.web.IndexController.newblogs', args=[{}]}
2020-10-07 00:28:48.166  INFO 19276 --- [http-nio-80-exec-8] com.lb.aspect.LogAspect                  : Result : _fragments :: newblogList
2020-10-07 00:28:50.064  INFO 19276 --- [http-nio-80-exec-7] com.lb.aspect.LogAspect                  : Request : RequestLog{url='/', ip='0:0:0:0:0:0:0:1', classMethod='com.lb.web.IndexController.index', args=[Page request [number: 0, size 8, sort: updateTime: DESC], {}]}
2020-10-07 00:28:50.068  INFO 19276 --- [http-nio-80-exec-7] com.lb.aspect.LogAspect                  : Result : index
2020-10-07 00:28:51.627  INFO 19276 --- [http-nio-80-exec-10] com.lb.aspect.LogAspect                  : Request : RequestLog{url='/footer/newblog', ip='0:0:0:0:0:0:0:1', classMethod='com.lb.web.IndexController.newblogs', args=[{}]}
2020-10-07 00:28:51.631  INFO 19276 --- [http-nio-80-exec-10] com.lb.aspect.LogAspect                  : Result : _fragments :: newblogList
2020-10-07 00:31:14.192  INFO 19276 --- [http-nio-80-exec-8] com.lb.aspect.LogAspect                  : Request : RequestLog{url='/', ip='0:0:0:0:0:0:0:1', classMethod='com.lb.web.IndexController.index', args=[Page request [number: 0, size 8, sort: updateTime: DESC], {}]}
2020-10-07 00:31:14.198  INFO 19276 --- [http-nio-80-exec-8] com.lb.aspect.LogAspect                  : Result : index
2020-10-07 00:31:15.131  INFO 19276 --- [http-nio-80-exec-10] com.lb.aspect.LogAspect                  : Request : RequestLog{url='/footer/newblog', ip='0:0:0:0:0:0:0:1', classMethod='com.lb.web.IndexController.newblogs', args=[{}]}
2020-10-07 00:31:15.137  INFO 19276 --- [http-nio-80-exec-10] com.lb.aspect.LogAspect                  : Result : _fragments :: newblogList
2020-10-07 00:32:02.667  INFO 19276 --- [http-nio-80-exec-1] com.lb.aspect.LogAspect                  : Request : RequestLog{url='/', ip='0:0:0:0:0:0:0:1', classMethod='com.lb.web.IndexController.index', args=[Page request [number: 0, size 8, sort: updateTime: DESC], {}]}
2020-10-07 00:32:02.673  INFO 19276 --- [http-nio-80-exec-1] com.lb.aspect.LogAspect                  : Result : index
2020-10-07 00:32:03.920  INFO 19276 --- [http-nio-80-exec-4] com.lb.aspect.LogAspect                  : Request : RequestLog{url='/footer/newblog', ip='0:0:0:0:0:0:0:1', classMethod='com.lb.web.IndexController.newblogs', args=[{}]}
2020-10-07 00:32:03.923  INFO 19276 --- [http-nio-80-exec-4] com.lb.aspect.LogAspect                  : Result : _fragments :: newblogList
2020-10-07 00:32:53.245  INFO 19276 --- [http-nio-80-exec-10] com.lb.aspect.LogAspect                  : Request : RequestLog{url='/', ip='0:0:0:0:0:0:0:1', classMethod='com.lb.web.IndexController.index', args=[Page request [number: 0, size 8, sort: updateTime: DESC], {}]}
2020-10-07 00:32:53.253  INFO 19276 --- [http-nio-80-exec-10] com.lb.aspect.LogAspect                  : Result : index
2020-10-07 00:32:54.200  INFO 19276 --- [http-nio-80-exec-1] com.lb.aspect.LogAspect                  : Request : RequestLog{url='/footer/newblog', ip='0:0:0:0:0:0:0:1', classMethod='com.lb.web.IndexController.newblogs', args=[{}]}
2020-10-07 00:32:54.203  INFO 19276 --- [http-nio-80-exec-1] com.lb.aspect.LogAspect                  : Result : _fragments :: newblogList
2020-10-07 00:34:06.078  INFO 19276 --- [http-nio-80-exec-6] com.lb.aspect.LogAspect                  : Request : RequestLog{url='/', ip='0:0:0:0:0:0:0:1', classMethod='com.lb.web.IndexController.index', args=[Page request [number: 0, size 8, sort: updateTime: DESC], {}]}
2020-10-07 00:34:06.085  INFO 19276 --- [http-nio-80-exec-6] com.lb.aspect.LogAspect                  : Result : index
2020-10-07 00:34:07.277  INFO 19276 --- [http-nio-80-exec-3] com.lb.aspect.LogAspect                  : Request : RequestLog{url='/footer/newblog', ip='0:0:0:0:0:0:0:1', classMethod='com.lb.web.IndexController.newblogs', args=[{}]}
2020-10-07 00:34:07.279  INFO 19276 --- [http-nio-80-exec-3] com.lb.aspect.LogAspect                  : Result : _fragments :: newblogList
2020-10-07 00:34:09.482  INFO 19276 --- [http-nio-80-exec-9] com.lb.aspect.LogAspect                  : Request : RequestLog{url='/', ip='0:0:0:0:0:0:0:1', classMethod='com.lb.web.IndexController.index', args=[Page request [number: 0, size 8, sort: updateTime: DESC], {}]}
2020-10-07 00:34:09.488  INFO 19276 --- [http-nio-80-exec-9] com.lb.aspect.LogAspect                  : Result : index
2020-10-07 00:34:10.555  INFO 19276 --- [http-nio-80-exec-5] com.lb.aspect.LogAspect                  : Request : RequestLog{url='/footer/newblog', ip='0:0:0:0:0:0:0:1', classMethod='com.lb.web.IndexController.newblogs', args=[{}]}
2020-10-07 00:34:10.557  INFO 19276 --- [http-nio-80-exec-5] com.lb.aspect.LogAspect                  : Result : _fragments :: newblogList
2020-10-07 00:34:37.635  INFO 19276 --- [http-nio-80-exec-8] com.lb.aspect.LogAspect                  : Request : RequestLog{url='/', ip='0:0:0:0:0:0:0:1', classMethod='com.lb.web.IndexController.index', args=[Page request [number: 0, size 8, sort: updateTime: DESC], {}]}
2020-10-07 00:34:37.641  INFO 19276 --- [http-nio-80-exec-8] com.lb.aspect.LogAspect                  : Result : index
2020-10-07 00:34:38.301  INFO 19276 --- [http-nio-80-exec-10] com.lb.aspect.LogAspect                  : Request : RequestLog{url='/footer/newblog', ip='0:0:0:0:0:0:0:1', classMethod='com.lb.web.IndexController.newblogs', args=[{}]}
2020-10-07 00:34:38.303  INFO 19276 --- [http-nio-80-exec-10] com.lb.aspect.LogAspect                  : Result : _fragments :: newblogList
2020-10-07 00:37:11.793  INFO 19276 --- [http-nio-80-exec-4] com.lb.aspect.LogAspect                  : Request : RequestLog{url='/', ip='0:0:0:0:0:0:0:1', classMethod='com.lb.web.IndexController.index', args=[Page request [number: 0, size 8, sort: updateTime: DESC], {}]}
2020-10-07 00:37:11.799  INFO 19276 --- [http-nio-80-exec-4] com.lb.aspect.LogAspect                  : Result : index
2020-10-07 00:37:13.315  INFO 19276 --- [http-nio-80-exec-9] com.lb.aspect.LogAspect                  : Request : RequestLog{url='/footer/newblog', ip='0:0:0:0:0:0:0:1', classMethod='com.lb.web.IndexController.newblogs', args=[{}]}
2020-10-07 00:37:13.318  INFO 19276 --- [http-nio-80-exec-9] com.lb.aspect.LogAspect                  : Result : _fragments :: newblogList
2020-10-07 00:38:13.182  INFO 19276 --- [http-nio-80-exec-1] com.lb.aspect.LogAspect                  : Request : RequestLog{url='/', ip='0:0:0:0:0:0:0:1', classMethod='com.lb.web.IndexController.index', args=[Page request [number: 0, size 8, sort: updateTime: DESC], {}]}
2020-10-07 00:38:13.189  INFO 19276 --- [http-nio-80-exec-1] com.lb.aspect.LogAspect                  : Result : index
2020-10-07 00:38:14.549  INFO 19276 --- [http-nio-80-exec-2] com.lb.aspect.LogAspect                  : Request : RequestLog{url='/footer/newblog', ip='0:0:0:0:0:0:0:1', classMethod='com.lb.web.IndexController.newblogs', args=[{}]}
2020-10-07 00:38:14.552  INFO 19276 --- [http-nio-80-exec-2] com.lb.aspect.LogAspect                  : Result : _fragments :: newblogList
2020-10-07 00:38:39.750  INFO 19276 --- [http-nio-80-exec-4] com.lb.aspect.LogAspect                  : Request : RequestLog{url='/', ip='0:0:0:0:0:0:0:1', classMethod='com.lb.web.IndexController.index', args=[Page request [number: 0, size 8, sort: updateTime: DESC], {}]}
2020-10-07 00:38:39.756  INFO 19276 --- [http-nio-80-exec-4] com.lb.aspect.LogAspect                  : Result : index
2020-10-07 00:38:46.180  INFO 19276 --- [http-nio-80-exec-6] com.lb.aspect.LogAspect                  : Request : RequestLog{url='/footer/newblog', ip='0:0:0:0:0:0:0:1', classMethod='com.lb.web.IndexController.newblogs', args=[{}]}
2020-10-07 00:38:46.183  INFO 19276 --- [http-nio-80-exec-6] com.lb.aspect.LogAspect                  : Result : _fragments :: newblogList
2020-10-07 00:39:06.947  INFO 19276 --- [http-nio-80-exec-4] com.lb.aspect.LogAspect                  : Request : RequestLog{url='/', ip='0:0:0:0:0:0:0:1', classMethod='com.lb.web.IndexController.index', args=[Page request [number: 0, size 8, sort: updateTime: DESC], {}]}
2020-10-07 00:39:06.952  INFO 19276 --- [http-nio-80-exec-4] com.lb.aspect.LogAspect                  : Result : index
2020-10-07 00:39:08.110  INFO 19276 --- [http-nio-80-exec-9] com.lb.aspect.LogAspect                  : Request : RequestLog{url='/footer/newblog', ip='0:0:0:0:0:0:0:1', classMethod='com.lb.web.IndexController.newblogs', args=[{}]}
2020-10-07 00:39:08.113  INFO 19276 --- [http-nio-80-exec-9] com.lb.aspect.LogAspect                  : Result : _fragments :: newblogList
2020-10-07 00:41:27.405  INFO 19276 --- [http-nio-80-exec-8] com.lb.aspect.LogAspect                  : Request : RequestLog{url='/', ip='0:0:0:0:0:0:0:1', classMethod='com.lb.web.IndexController.index', args=[Page request [number: 0, size 8, sort: updateTime: DESC], {}]}
2020-10-07 00:41:27.413  INFO 19276 --- [http-nio-80-exec-8] com.lb.aspect.LogAspect                  : Result : index
2020-10-07 00:41:28.299  INFO 19276 --- [http-nio-80-exec-4] com.lb.aspect.LogAspect                  : Request : RequestLog{url='/footer/newblog', ip='0:0:0:0:0:0:0:1', classMethod='com.lb.web.IndexController.newblogs', args=[{}]}
2020-10-07 00:41:28.302  INFO 19276 --- [http-nio-80-exec-4] com.lb.aspect.LogAspect                  : Result : _fragments :: newblogList
2020-10-07 00:43:54.840  INFO 19276 --- [http-nio-80-exec-2] com.lb.aspect.LogAspect                  : Request : RequestLog{url='/', ip='0:0:0:0:0:0:0:1', classMethod='com.lb.web.IndexController.index', args=[Page request [number: 0, size 8, sort: updateTime: DESC], {}]}
2020-10-07 00:43:54.846  INFO 19276 --- [http-nio-80-exec-2] com.lb.aspect.LogAspect                  : Result : index
2020-10-07 00:43:55.763  INFO 19276 --- [http-nio-80-exec-6] com.lb.aspect.LogAspect                  : Request : RequestLog{url='/footer/newblog', ip='0:0:0:0:0:0:0:1', classMethod='com.lb.web.IndexController.newblogs', args=[{}]}
2020-10-07 00:43:55.766  INFO 19276 --- [http-nio-80-exec-6] com.lb.aspect.LogAspect                  : Result : _fragments :: newblogList
2020-10-07 00:44:38.265  INFO 19276 --- [http-nio-80-exec-3] com.lb.aspect.LogAspect                  : Request : RequestLog{url='/', ip='0:0:0:0:0:0:0:1', classMethod='com.lb.web.IndexController.index', args=[Page request [number: 0, size 8, sort: updateTime: DESC], {}]}
2020-10-07 00:44:38.272  INFO 19276 --- [http-nio-80-exec-3] com.lb.aspect.LogAspect                  : Result : index
2020-10-07 00:44:39.230  INFO 19276 --- [http-nio-80-exec-10] com.lb.aspect.LogAspect                  : Request : RequestLog{url='/footer/newblog', ip='0:0:0:0:0:0:0:1', classMethod='com.lb.web.IndexController.newblogs', args=[{}]}
2020-10-07 00:44:39.233  INFO 19276 --- [http-nio-80-exec-10] com.lb.aspect.LogAspect                  : Result : _fragments :: newblogList
2020-10-07 00:45:43.000  INFO 19276 --- [http-nio-80-exec-6] com.lb.aspect.LogAspect                  : Request : RequestLog{url='/', ip='0:0:0:0:0:0:0:1', classMethod='com.lb.web.IndexController.index', args=[Page request [number: 0, size 8, sort: updateTime: DESC], {}]}
2020-10-07 00:45:43.004  INFO 19276 --- [http-nio-80-exec-6] com.lb.aspect.LogAspect                  : Result : index
2020-10-07 00:45:43.936  INFO 19276 --- [http-nio-80-exec-8] com.lb.aspect.LogAspect                  : Request : RequestLog{url='/footer/newblog', ip='0:0:0:0:0:0:0:1', classMethod='com.lb.web.IndexController.newblogs', args=[{}]}
2020-10-07 00:45:43.939  INFO 19276 --- [http-nio-80-exec-8] com.lb.aspect.LogAspect                  : Result : _fragments :: newblogList
2020-10-07 00:46:07.594  INFO 19276 --- [http-nio-80-exec-10] com.lb.aspect.LogAspect                  : Request : RequestLog{url='/', ip='0:0:0:0:0:0:0:1', classMethod='com.lb.web.IndexController.index', args=[Page request [number: 0, size 8, sort: updateTime: DESC], {}]}
2020-10-07 00:46:07.599  INFO 19276 --- [http-nio-80-exec-10] com.lb.aspect.LogAspect                  : Result : index
2020-10-07 00:46:08.597  INFO 19276 --- [http-nio-80-exec-5] com.lb.aspect.LogAspect                  : Request : RequestLog{url='/footer/newblog', ip='0:0:0:0:0:0:0:1', classMethod='com.lb.web.IndexController.newblogs', args=[{}]}
2020-10-07 00:46:08.599  INFO 19276 --- [http-nio-80-exec-5] com.lb.aspect.LogAspect                  : Result : _fragments :: newblogList
2020-10-07 00:50:53.185  INFO 19276 --- [http-nio-80-exec-6] com.lb.aspect.LogAspect                  : Request : RequestLog{url='/', ip='0:0:0:0:0:0:0:1', classMethod='com.lb.web.IndexController.index', args=[Page request [number: 0, size 8, sort: updateTime: DESC], {}]}
2020-10-07 00:50:53.192  INFO 19276 --- [http-nio-80-exec-6] com.lb.aspect.LogAspect                  : Result : index
2020-10-07 00:50:54.207  INFO 19276 --- [http-nio-80-exec-2] com.lb.aspect.LogAspect                  : Request : RequestLog{url='/footer/newblog', ip='0:0:0:0:0:0:0:1', classMethod='com.lb.web.IndexController.newblogs', args=[{}]}
2020-10-07 00:50:54.210  INFO 19276 --- [http-nio-80-exec-2] com.lb.aspect.LogAspect                  : Result : _fragments :: newblogList
2020-10-07 00:51:58.311  INFO 19276 --- [http-nio-80-exec-1] com.lb.aspect.LogAspect                  : Request : RequestLog{url='/', ip='0:0:0:0:0:0:0:1', classMethod='com.lb.web.IndexController.index', args=[Page request [number: 0, size 8, sort: updateTime: DESC], {}]}
2020-10-07 00:51:58.321  INFO 19276 --- [http-nio-80-exec-1] com.lb.aspect.LogAspect                  : Result : index
2020-10-07 00:51:59.358  INFO 19276 --- [http-nio-80-exec-4] com.lb.aspect.LogAspect                  : Request : RequestLog{url='/footer/newblog', ip='0:0:0:0:0:0:0:1', classMethod='com.lb.web.IndexController.newblogs', args=[{}]}
2020-10-07 00:51:59.360  INFO 19276 --- [http-nio-80-exec-4] com.lb.aspect.LogAspect                  : Result : _fragments :: newblogList
2020-10-07 00:55:57.062  INFO 19276 --- [http-nio-80-exec-7] com.lb.aspect.LogAspect                  : Request : RequestLog{url='/', ip='0:0:0:0:0:0:0:1', classMethod='com.lb.web.IndexController.index', args=[Page request [number: 0, size 8, sort: updateTime: DESC], {}]}
2020-10-07 00:55:57.067  INFO 19276 --- [http-nio-80-exec-7] com.lb.aspect.LogAspect                  : Result : index
2020-10-07 00:55:57.884  INFO 19276 --- [http-nio-80-exec-1] com.lb.aspect.LogAspect                  : Request : RequestLog{url='/footer/newblog', ip='0:0:0:0:0:0:0:1', classMethod='com.lb.web.IndexController.newblogs', args=[{}]}
2020-10-07 00:55:57.887  INFO 19276 --- [http-nio-80-exec-1] com.lb.aspect.LogAspect                  : Result : _fragments :: newblogList
2020-10-07 00:56:36.919  INFO 19276 --- [http-nio-80-exec-10] com.lb.aspect.LogAspect                  : Request : RequestLog{url='/', ip='0:0:0:0:0:0:0:1', classMethod='com.lb.web.IndexController.index', args=[Page request [number: 0, size 8, sort: updateTime: DESC], {}]}
2020-10-07 00:56:36.926  INFO 19276 --- [http-nio-80-exec-10] com.lb.aspect.LogAspect                  : Result : index
2020-10-07 00:56:37.932  INFO 19276 --- [http-nio-80-exec-5] com.lb.aspect.LogAspect                  : Request : RequestLog{url='/footer/newblog', ip='0:0:0:0:0:0:0:1', classMethod='com.lb.web.IndexController.newblogs', args=[{}]}
2020-10-07 00:56:37.935  INFO 19276 --- [http-nio-80-exec-5] com.lb.aspect.LogAspect                  : Result : _fragments :: newblogList
2020-10-07 00:58:12.469  INFO 19276 --- [http-nio-80-exec-1] com.lb.aspect.LogAspect                  : Request : RequestLog{url='/', ip='0:0:0:0:0:0:0:1', classMethod='com.lb.web.IndexController.index', args=[Page request [number: 0, size 8, sort: updateTime: DESC], {}]}
2020-10-07 00:58:12.476  INFO 19276 --- [http-nio-80-exec-1] com.lb.aspect.LogAspect                  : Result : index
2020-10-07 00:58:13.327  INFO 19276 --- [http-nio-80-exec-10] com.lb.aspect.LogAspect                  : Request : RequestLog{url='/footer/newblog', ip='0:0:0:0:0:0:0:1', classMethod='com.lb.web.IndexController.newblogs', args=[{}]}
2020-10-07 00:58:13.329  INFO 19276 --- [http-nio-80-exec-10] com.lb.aspect.LogAspect                  : Result : _fragments :: newblogList
2020-10-07 00:59:31.884  INFO 19276 --- [http-nio-80-exec-1] com.lb.aspect.LogAspect                  : Request : RequestLog{url='/', ip='0:0:0:0:0:0:0:1', classMethod='com.lb.web.IndexController.index', args=[Page request [number: 0, size 8, sort: updateTime: DESC], {}]}
2020-10-07 00:59:31.891  INFO 19276 --- [http-nio-80-exec-1] com.lb.aspect.LogAspect                  : Result : index
2020-10-07 00:59:33.467  INFO 19276 --- [http-nio-80-exec-2] com.lb.aspect.LogAspect                  : Request : RequestLog{url='/footer/newblog', ip='0:0:0:0:0:0:0:1', classMethod='com.lb.web.IndexController.newblogs', args=[{}]}
2020-10-07 00:59:33.470  INFO 19276 --- [http-nio-80-exec-2] com.lb.aspect.LogAspect                  : Result : _fragments :: newblogList
2020-10-07 01:00:00.070  INFO 19276 --- [http-nio-80-exec-8] com.lb.aspect.LogAspect                  : Request : RequestLog{url='/', ip='0:0:0:0:0:0:0:1', classMethod='com.lb.web.IndexController.index', args=[Page request [number: 0, size 8, sort: updateTime: DESC], {}]}
2020-10-07 01:00:00.087  INFO 19276 --- [http-nio-80-exec-8] com.lb.aspect.LogAspect                  : Result : index
2020-10-07 01:00:01.389  INFO 19276 --- [http-nio-80-exec-7] com.lb.aspect.LogAspect                  : Request : RequestLog{url='/footer/newblog', ip='0:0:0:0:0:0:0:1', classMethod='com.lb.web.IndexController.newblogs', args=[{}]}
2020-10-07 01:00:01.392  INFO 19276 --- [http-nio-80-exec-7] com.lb.aspect.LogAspect                  : Result : _fragments :: newblogList
2020-10-07 01:00:46.370  INFO 19276 --- [http-nio-80-exec-2] com.lb.aspect.LogAspect                  : Request : RequestLog{url='/', ip='0:0:0:0:0:0:0:1', classMethod='com.lb.web.IndexController.index', args=[Page request [number: 0, size 8, sort: updateTime: DESC], {}]}
2020-10-07 01:00:46.378  INFO 19276 --- [http-nio-80-exec-2] com.lb.aspect.LogAspect                  : Result : index
2020-10-07 01:00:48.060  INFO 19276 --- [http-nio-80-exec-3] com.lb.aspect.LogAspect                  : Request : RequestLog{url='/footer/newblog', ip='0:0:0:0:0:0:0:1', classMethod='com.lb.web.IndexController.newblogs', args=[{}]}
2020-10-07 01:00:48.062  INFO 19276 --- [http-nio-80-exec-3] com.lb.aspect.LogAspect                  : Result : _fragments :: newblogList
2020-10-07 01:01:32.421  INFO 19276 --- [http-nio-80-exec-6] com.lb.aspect.LogAspect                  : Request : RequestLog{url='/', ip='0:0:0:0:0:0:0:1', classMethod='com.lb.web.IndexController.index', args=[Page request [number: 0, size 8, sort: updateTime: DESC], {}]}
2020-10-07 01:01:32.425  INFO 19276 --- [http-nio-80-exec-6] com.lb.aspect.LogAspect                  : Result : index
2020-10-07 01:01:33.459  INFO 19276 --- [http-nio-80-exec-8] com.lb.aspect.LogAspect                  : Request : RequestLog{url='/footer/newblog', ip='0:0:0:0:0:0:0:1', classMethod='com.lb.web.IndexController.newblogs', args=[{}]}
2020-10-07 01:01:33.461  INFO 19276 --- [http-nio-80-exec-8] com.lb.aspect.LogAspect                  : Result : _fragments :: newblogList
2020-10-07 01:04:35.134  INFO 19276 --- [http-nio-80-exec-3] com.lb.aspect.LogAspect                  : Request : RequestLog{url='/', ip='0:0:0:0:0:0:0:1', classMethod='com.lb.web.IndexController.index', args=[Page request [number: 0, size 8, sort: updateTime: DESC], {}]}
2020-10-07 01:04:35.143  INFO 19276 --- [http-nio-80-exec-3] com.lb.aspect.LogAspect                  : Result : index
2020-10-07 01:04:36.897  INFO 19276 --- [http-nio-80-exec-4] com.lb.aspect.LogAspect                  : Request : RequestLog{url='/footer/newblog', ip='0:0:0:0:0:0:0:1', classMethod='com.lb.web.IndexController.newblogs', args=[{}]}
2020-10-07 01:04:36.900  INFO 19276 --- [http-nio-80-exec-4] com.lb.aspect.LogAspect                  : Result : _fragments :: newblogList
2020-10-07 01:12:10.767  INFO 19276 --- [http-nio-80-exec-3] com.lb.aspect.LogAspect                  : Request : RequestLog{url='/', ip='0:0:0:0:0:0:0:1', classMethod='com.lb.web.IndexController.index', args=[Page request [number: 0, size 8, sort: updateTime: DESC], {}]}
2020-10-07 01:12:10.772  INFO 19276 --- [http-nio-80-exec-3] com.lb.aspect.LogAspect                  : Result : index
2020-10-07 01:12:12.122  INFO 19276 --- [http-nio-80-exec-4] com.lb.aspect.LogAspect                  : Request : RequestLog{url='/footer/newblog', ip='0:0:0:0:0:0:0:1', classMethod='com.lb.web.IndexController.newblogs', args=[{}]}
2020-10-07 01:12:12.127  INFO 19276 --- [http-nio-80-exec-4] com.lb.aspect.LogAspect                  : Result : _fragments :: newblogList
2020-10-07 01:17:29.509  INFO 19276 --- [http-nio-80-exec-10] com.lb.aspect.LogAspect                  : Request : RequestLog{url='/', ip='0:0:0:0:0:0:0:1', classMethod='com.lb.web.IndexController.index', args=[Page request [number: 0, size 8, sort: updateTime: DESC], {}]}
2020-10-07 01:17:29.517  INFO 19276 --- [http-nio-80-exec-10] com.lb.aspect.LogAspect                  : Result : index
2020-10-07 01:17:30.376  INFO 19276 --- [http-nio-80-exec-3] com.lb.aspect.LogAspect                  : Request : RequestLog{url='/footer/newblog', ip='0:0:0:0:0:0:0:1', classMethod='com.lb.web.IndexController.newblogs', args=[{}]}
2020-10-07 01:17:30.378  INFO 19276 --- [http-nio-80-exec-3] com.lb.aspect.LogAspect                  : Result : _fragments :: newblogList
2020-10-07 01:18:28.038  INFO 19276 --- [http-nio-80-exec-8] com.lb.aspect.LogAspect                  : Request : RequestLog{url='/', ip='0:0:0:0:0:0:0:1', classMethod='com.lb.web.IndexController.index', args=[Page request [number: 0, size 8, sort: updateTime: DESC], {}]}
2020-10-07 01:18:28.043  INFO 19276 --- [http-nio-80-exec-8] com.lb.aspect.LogAspect                  : Result : index
2020-10-07 01:18:28.800  INFO 19276 --- [http-nio-80-exec-1] com.lb.aspect.LogAspect                  : Request : RequestLog{url='/footer/newblog', ip='0:0:0:0:0:0:0:1', classMethod='com.lb.web.IndexController.newblogs', args=[{}]}
2020-10-07 01:18:28.802  INFO 19276 --- [http-nio-80-exec-1] com.lb.aspect.LogAspect                  : Result : _fragments :: newblogList
2020-10-07 01:18:42.797  INFO 19276 --- [http-nio-80-exec-3] com.lb.aspect.LogAspect                  : Request : RequestLog{url='/', ip='0:0:0:0:0:0:0:1', classMethod='com.lb.web.IndexController.index', args=[Page request [number: 0, size 8, sort: updateTime: DESC], {}]}
2020-10-07 01:18:42.803  INFO 19276 --- [http-nio-80-exec-3] com.lb.aspect.LogAspect                  : Result : index
2020-10-07 01:18:43.684  INFO 19276 --- [http-nio-80-exec-9] com.lb.aspect.LogAspect                  : Request : RequestLog{url='/footer/newblog', ip='0:0:0:0:0:0:0:1', classMethod='com.lb.web.IndexController.newblogs', args=[{}]}
2020-10-07 01:18:43.686  INFO 19276 --- [http-nio-80-exec-9] com.lb.aspect.LogAspect                  : Result : _fragments :: newblogList
2020-10-07 01:20:16.527  INFO 19276 --- [restartedMain] com.lb.MyblogApplication                 : Starting MyblogApplication on DESKTOP-1N5JIKF with PID 19276 (E:\IntelliJIDEAProjects\GitHub\myBlog\target\classes started by FYF in E:\IntelliJIDEAProjects\GitHub\myBlog)
2020-10-07 01:20:16.527  INFO 19276 --- [restartedMain] com.lb.MyblogApplication                 : The following profiles are active: pro
2020-10-07 01:20:17.204  WARN 19276 --- [restartedMain] o.m.s.mapper.ClassPathMapperScanner      : No MyBatis mapper was found in '[com.lb]' package. Please check your configuration.
2020-10-07 01:20:18.376  WARN 19276 --- [restartedMain] JpaBaseConfiguration$JpaWebConfiguration : spring.jpa.open-in-view is enabled by default. Therefore, database queries may be performed during view rendering. Explicitly configure spring.jpa.open-in-view to disable this warning
2020-10-07 01:20:19.866  INFO 19276 --- [restartedMain] com.lb.MyblogApplication                 : Started MyblogApplication in 3.443 seconds (JVM running for 7716.802)
2020-10-07 01:20:20.653  INFO 19276 --- [http-nio-80-exec-1] com.lb.aspect.LogAspect                  : Request : RequestLog{url='/', ip='0:0:0:0:0:0:0:1', classMethod='com.lb.web.IndexController.index', args=[Page request [number: 0, size 8, sort: updateTime: DESC], {}]}
2020-10-07 01:20:20.679  WARN 19276 --- [http-nio-80-exec-1] org.hibernate.orm.deprecation            : HHH90000016: Found use of deprecated 'collection property' syntax in HQL/JPQL query [t.blogs.size]; use collection function syntax instead [size(t.blogs)].
2020-10-07 01:20:20.685  WARN 19276 --- [http-nio-80-exec-1] org.hibernate.orm.deprecation            : HHH90000016: Found use of deprecated 'collection property' syntax in HQL/JPQL query [t.blogs.size]; use collection function syntax instead [size(t.blogs)].
2020-10-07 01:20:20.689  INFO 19276 --- [http-nio-80-exec-1] com.lb.aspect.LogAspect                  : Result : index
2020-10-07 01:20:21.689  INFO 19276 --- [http-nio-80-exec-5] com.lb.aspect.LogAspect                  : Request : RequestLog{url='/footer/newblog', ip='0:0:0:0:0:0:0:1', classMethod='com.lb.web.IndexController.newblogs', args=[{}]}
2020-10-07 01:20:21.692  INFO 19276 --- [http-nio-80-exec-5] com.lb.aspect.LogAspect                  : Result : _fragments :: newblogList
